<?xml version="1.0" encoding="UTF-8"?>
<!-- Generated by org.testng.reporters.JUnitXMLReporter -->
<testsuite ignored="0" hostname="LAPTOP-9KEMVCF5" failures="0" tests="3" name="Surefire test" time="0.032" errors="0" timestamp="2019-11-21T13:35:34 EST">
  <testcase classname="qaclickacademy.SeleniumTest" name="WebBrowserDummyTest1" time="0.016"/>
  <testcase classname="qaclickacademy.SeleniumTest" name="WebBrowserDummyTest2" time="0.0"/>
  <testcase classname="qaclickacademy.SeleniumTest" name="WebBrowserUIAUtomation" time="0.0"/>
</testsuite> <!-- Surefire test -->
