<?xml version="1.0" encoding="UTF-8"?>
<!-- Generated by org.testng.reporters.JUnitXMLReporter -->
<testsuite ignored="0" hostname="LAPTOP-9KEMVCF5" failures="0" tests="6" name="Test" time="0.047" errors="0" timestamp="2019-12-03T11:48:56 EST">
  <testcase classname="qaclickacademy.AppiumTest" name="MobileAutomation" time="0.0"/>
  <testcase classname="qaclickacademy.AppiumTest" name="MobileAutomationDummyTest1" time="0.0"/>
  <testcase classname="qaclickacademy.AppiumTest" name="MobileAutomationDummyTest2" time="0.0"/>
  <testcase classname="qaclickacademy.SeleniumTest" name="WebBrowserDummyTest1" time="0.0"/>
  <testcase classname="qaclickacademy.SeleniumTest" name="WebBrowserDummyTest2" time="0.0"/>
  <testcase classname="qaclickacademy.SeleniumTest" name="WebBrowserUIAUtomation" time="0.0"/>
</testsuite> <!-- Test -->
